app/build/intermediates/manifest_merge_blame_file/debug/processDebugMainManifest/manifest-merger-blame-debug-report.txt
1<?xml version="1.0" encoding="utf-8"?>
2<manifest xmlns:android="http://schemas.android.com/apk/res/android"
3    package="com.ime.vnkeyboard"
4    android:versionCode="1"
5    android:versionName="0.1.0" >
6
7    <uses-sdk
8        android:minSdkVersion="35"
9        android:targetSdkVersion="35" />
10
11    <application
11-->src/main/AndroidManifest.xml:3:5-7:19
12        android:allowBackup="true"
12-->src/main/AndroidManifest.xml:4:9-35
13        android:debuggable="true"
14        android:extractNativeLibs="false"
15        android:label="@string/app_name"
15-->src/main/AndroidManifest.xml:5:9-41
16        android:supportsRtl="true" >
16-->src/main/AndroidManifest.xml:6:9-35
17    </application>
18
19</manifest>